Determining if the pthread_create exist failed with the following output:
Change Dir: /home/fjw/Desktop/trajectory_planning_2021/motion_planning_EUDM/build/CMakeFiles/CMakeTmp

Run Build Command:"/usr/bin/make" "cmTC_3b6ec/fast"
/usr/bin/make -f CMakeFiles/cmTC_3b6ec.dir/build.make CMakeFiles/cmTC_3b6ec.dir/build
make[1]: Entering directory '/home/fjw/Desktop/trajectory_planning_2021/motion_planning_EUDM/build/CMakeFiles/CMakeTmp'
Building C object CMakeFiles/cmTC_3b6ec.dir/CheckSymbolExists.c.o
/usr/bin/gcc-5     -o CMakeFiles/cmTC_3b6ec.dir/CheckSymbolExists.c.o   -c /home/fjw/Desktop/trajectory_planning_2021/motion_planning_EUDM/build/CMakeFiles/CMakeTmp/CheckSymbolExists.c
Linking C executable cmTC_3b6ec
/usr/bin/cmake -E cmake_link_script CMakeFiles/cmTC_3b6ec.dir/link.txt --verbose=1
/usr/bin/gcc-5       CMakeFiles/cmTC_3b6ec.dir/CheckSymbolExists.c.o  -o cmTC_3b6ec -rdynamic 
CMakeFiles/cmTC_3b6ec.dir/CheckSymbolExists.c.o: In function `main':
CheckSymbolExists.c:(.text+0x16): undefined reference to `pthread_create'
collect2: error: ld returned 1 exit status
CMakeFiles/cmTC_3b6ec.dir/build.make:97: recipe for target 'cmTC_3b6ec' failed
make[1]: *** [cmTC_3b6ec] Error 1
make[1]: Leaving directory '/home/fjw/Desktop/trajectory_planning_2021/motion_planning_EUDM/build/CMakeFiles/CMakeTmp'
Makefile:126: recipe for target 'cmTC_3b6ec/fast' failed
make: *** [cmTC_3b6ec/fast] Error 2

File /home/fjw/Desktop/trajectory_planning_2021/motion_planning_EUDM/build/CMakeFiles/CMakeTmp/CheckSymbolExists.c:
/* */
#include <pthread.h>

int main(int argc, char** argv)
{
  (void)argv;
#ifndef pthread_create
  return ((int*)(&pthread_create))[argc];
#else
  (void)argc;
  return 0;
#endif
}

Determining if the function pthread_create exists in the pthreads failed with the following output:
Change Dir: /home/fjw/Desktop/trajectory_planning_2021/motion_planning_EUDM/build/CMakeFiles/CMakeTmp

Run Build Command:"/usr/bin/make" "cmTC_c9f65/fast"
/usr/bin/make -f CMakeFiles/cmTC_c9f65.dir/build.make CMakeFiles/cmTC_c9f65.dir/build
make[1]: Entering directory '/home/fjw/Desktop/trajectory_planning_2021/motion_planning_EUDM/build/CMakeFiles/CMakeTmp'
Building C object CMakeFiles/cmTC_c9f65.dir/CheckFunctionExists.c.o
/usr/bin/gcc-5    -DCHECK_FUNCTION_EXISTS=pthread_create   -o CMakeFiles/cmTC_c9f65.dir/CheckFunctionExists.c.o   -c /usr/share/cmake-3.5/Modules/CheckFunctionExists.c
Linking C executable cmTC_c9f65
/usr/bin/cmake -E cmake_link_script CMakeFiles/cmTC_c9f65.dir/link.txt --verbose=1
/usr/bin/gcc-5   -DCHECK_FUNCTION_EXISTS=pthread_create    CMakeFiles/cmTC_c9f65.dir/CheckFunctionExists.c.o  -o cmTC_c9f65 -rdynamic -lpthreads 
/usr/bin/ld: cannot find -lpthreads
collect2: error: ld returned 1 exit status
CMakeFiles/cmTC_c9f65.dir/build.make:97: recipe for target 'cmTC_c9f65' failed
make[1]: *** [cmTC_c9f65] Error 1
make[1]: Leaving directory '/home/fjw/Desktop/trajectory_planning_2021/motion_planning_EUDM/build/CMakeFiles/CMakeTmp'
Makefile:126: recipe for target 'cmTC_c9f65/fast' failed
make: *** [cmTC_c9f65/fast] Error 2


